[1022/011410.971:ERROR:directory_reader_win.cc(43)] FindFirstFile: The system cannot find the path specified. (0x3)
[1024/122448.216:ERROR:directory_reader_win.cc(43)] FindFirstFile: The system cannot find the path specified. (0x3)
[1028/000408.893:ERROR:directory_reader_win.cc(43)] FindFirstFile: The system cannot find the path specified. (0x3)
[1030/210559.474:ERROR:directory_reader_win.cc(43)] FindFirstFile: The system cannot find the path specified. (0x3)
[1127/190149.090:ERROR:directory_reader_win.cc(43)] FindFirstFile: The system cannot find the path specified. (0x3)
[1218/133552.983:ERROR:directory_reader_win.cc(43)] FindFirstFile: The system cannot find the path specified. (0x3)
[0102/115054.182:ERROR:directory_reader_win.cc(43)] FindFirstFile: The system cannot find the path specified. (0x3)
[0102/204432.859:ERROR:process_memory_win.cc(73)] ReadMemory at 0x7ff738f10000 of 64 bytes failed: Only part of a ReadProcessMemory or WriteProcessMemory request was completed. (0x12B)
[0102/204432.948:WARNING:pe_image_reader.cc(340)] could not read dos header from C:\Program Files (x86)\Google\Chrome\Application\chrome.exe
[0102/204432.948:ERROR:process_memory_win.cc(73)] ReadMemory at 0x7ffa89380000 of 64 bytes failed: Only part of a ReadProcessMemory or WriteProcessMemory request was completed. (0x12B)
[0102/204432.948:WARNING:pe_image_reader.cc(340)] could not read dos header from C:\WINDOWS\SYSTEM32\ntdll.dll
[0102/204432.948:ERROR:process_memory_win.cc(73)] ReadMemory at 0x7ffa88100000 of 64 bytes failed: Only part of a ReadProcessMemory or WriteProcessMemory request was completed. (0x12B)
[0102/204432.948:WARNING:pe_image_reader.cc(340)] could not read dos header from C:\WINDOWS\System32\KERNEL32.dll
[0102/204432.948:ERROR:process_memory_win.cc(73)] ReadMemory at 0x7ffa86420000 of 64 bytes failed: Only part of a ReadProcessMemory or WriteProcessMemory request was completed. (0x12B)
[0102/204432.948:WARNING:pe_image_reader.cc(340)] could not read dos header from C:\WINDOWS\System32\KERNELBASE.dll
[0102/204432.949:ERROR:process_memory_win.cc(73)] ReadMemory at 0x7ffa47dd0000 of 64 bytes failed: Only part of a ReadProcessMemory or WriteProcessMemory request was completed. (0x12B)
[0102/204432.949:WARNING:pe_image_reader.cc(340)] could not read dos header from C:\Program Files (x86)\Google\Chrome\Application\87.0.4280.88\chrome_elf.dll
[0102/204432.949:ERROR:process_memory_win.cc(73)] ReadMemory at 0x7ffa80270000 of 64 bytes failed: Only part of a ReadProcessMemory or WriteProcessMemory request was completed. (0x12B)
[0102/204432.949:WARNING:pe_image_reader.cc(340)] could not read dos header from C:\WINDOWS\SYSTEM32\VERSION.dll
[0102/204432.949:ERROR:process_memory_win.cc(73)] ReadMemory at 0x7ffa87490000 of 64 bytes failed: Only part of a ReadProcessMemory or WriteProcessMemory request was completed. (0x12B)
[0102/204432.949:WARNING:pe_image_reader.cc(340)] could not read dos header from C:\WINDOWS\System32\msvcrt.dll
[0102/204432.949:ERROR:process_memory_win.cc(73)] ReadMemory at 0x7ffa86390000 of 64 bytes failed: Only part of a ReadProcessMemory or WriteProcessMemory request was completed. (0x12B)
[0102/204432.949:WARNING:pe_image_reader.cc(340)] could not read dos header from C:\WINDOWS\System32\bcryptPrimitives.dll
[0102/204432.949:ERROR:process_memory_win.cc(73)] ReadMemory at 0x7ffa87dd0000 of 64 bytes failed: Only part of a ReadProcessMemory or WriteProcessMemory request was completed. (0x12B)
[0102/204432.949:WARNING:pe_image_reader.cc(340)] could not read dos header from C:\WINDOWS\System32\ADVAPI32.dll
[0102/204432.949:ERROR:process_memory_win.cc(73)] ReadMemory at 0x7ffa87530000 of 64 bytes failed: Only part of a ReadProcessMemory or WriteProcessMemory request was completed. (0x12B)
[0102/204432.949:WARNING:pe_image_reader.cc(340)] could not read dos header from C:\WINDOWS\System32\sechost.dll
[0102/204432.949:ERROR:process_memory_win.cc(73)] ReadMemory at 0x7ffa87a20000 of 64 bytes failed: Only part of a ReadProcessMemory or WriteProcessMemory request was completed. (0x12B)
[0102/204432.949:WARNING:pe_image_reader.cc(340)] could not read dos header from C:\WINDOWS\System32\RPCRT4.dll
[0102/204432.959:ERROR:process_memory_win.cc(73)] ReadMemory at 0x7ff9f8860000 of 64 bytes failed: Only part of a ReadProcessMemory or WriteProcessMemory request was completed. (0x12B)
[0102/204432.959:WARNING:pe_image_reader.cc(340)] could not read dos header from C:\Program Files (x86)\Google\Chrome\Application\87.0.4280.88\chrome.dll
[0102/204432.959:ERROR:process_memory_win.cc(73)] ReadMemory at 0x7ffa877f0000 of 64 bytes failed: Only part of a ReadProcessMemory or WriteProcessMemory request was completed. (0x12B)
[0102/204432.959:WARNING:pe_image_reader.cc(340)] could not read dos header from C:\WINDOWS\System32\WS2_32.dll
[0102/204432.959:ERROR:process_memory_win.cc(73)] ReadMemory at 0x7ffa89270000 of 64 bytes failed: Only part of a ReadProcessMemory or WriteProcessMemory request was completed. (0x12B)
[0102/204432.959:WARNING:pe_image_reader.cc(340)] could not read dos header from C:\WINDOWS\System32\OLEAUT32.dll
[0102/204432.959:ERROR:process_memory_win.cc(73)] ReadMemory at 0x7ffa862f0000 of 64 bytes failed: Only part of a ReadProcessMemory or WriteProcessMemory request was completed. (0x12B)
[0102/204432.959:WARNING:pe_image_reader.cc(340)] could not read dos header from C:\WINDOWS\System32\msvcp_win.dll
[0102/204432.959:ERROR:process_memory_win.cc(73)] ReadMemory at 0x7ffa87190000 of 64 bytes failed: Only part of a ReadProcessMemory or WriteProcessMemory request was completed. (0x12B)
[0102/204432.959:WARNING:pe_image_reader.cc(340)] could not read dos header from C:\WINDOWS\System32\ucrtbase.dll
[0102/204432.959:ERROR:process_memory_win.cc(73)] ReadMemory at 0x7ffa881d0000 of 64 bytes failed: Only part of a ReadProcessMemory or WriteProcessMemory request was completed. (0x12B)
[0102/204432.960:WARNING:pe_image_reader.cc(340)] could not read dos header from C:\WINDOWS\System32\combase.dll
[0102/204432.960:ERROR:process_memory_win.cc(73)] ReadMemory at 0x7ffa866d0000 of 64 bytes failed: Only part of a ReadProcessMemory or WriteProcessMemory request was completed. (0x12B)
[0102/204432.960:WARNING:pe_image_reader.cc(340)] could not read dos header from C:\WINDOWS\System32\WINTRUST.dll
[0102/204432.960:ERROR:process_memory_win.cc(73)] ReadMemory at 0x7ffa86250000 of 64 bytes failed: Only part of a ReadProcessMemory or WriteProcessMemory request was completed. (0x12B)
[0102/204432.960:WARNING:pe_image_reader.cc(340)] could not read dos header from C:\WINDOWS\System32\MSASN1.dll
[0102/204432.960:ERROR:process_memory_win.cc(73)] ReadMemory at 0x7ffa87290000 of 64 bytes failed: Only part of a ReadProcessMemory or WriteProcessMemory request was completed. (0x12B)
[0102/204432.960:WARNING:pe_image_reader.cc(340)] could not read dos header from C:\WINDOWS\System32\CRYPT32.dll
[0102/204432.960:ERROR:process_memory_win.cc(73)] ReadMemory at 0x7ffa84b10000 of 64 bytes failed: Only part of a ReadProcessMemory or WriteProcessMemory request was completed. (0x12B)
[0102/204432.960:WARNING:pe_image_reader.cc(340)] could not read dos header from C:\WINDOWS\SYSTEM32\dbghelp.dll
[0102/204432.960:ERROR:process_memory_win.cc(73)] ReadMemory at 0x7ffa85780000 of 64 bytes failed: Only part of a ReadProcessMemory or WriteProcessMemory request was completed. (0x12B)
[0102/204432.960:WARNING:pe_image_reader.cc(340)] could not read dos header from C:\WINDOWS\SYSTEM32\IPHLPAPI.DLL
[0102/204432.960:ERROR:process_memory_win.cc(73)] ReadMemory at 0x7ffa83b70000 of 64 bytes failed: Only part of a ReadProcessMemory or WriteProcessMemory request was completed. (0x12B)
[0102/204432.960:WARNING:pe_image_reader.cc(340)] could not read dos header from C:\WINDOWS\SYSTEM32\WINMM.dll
[0102/204432.960:ERROR:process_memory_win.cc(73)] ReadMemory at 0x7ffa5a2b0000 of 64 bytes failed: Only part of a ReadProcessMemory or WriteProcessMemory request was completed. (0x12B)
[0102/204432.960:WARNING:pe_image_reader.cc(340)] could not read dos header from C:\WINDOWS\SYSTEM32\UIAutomationCore.DLL
[0102/204432.960:ERROR:process_memory_win.cc(73)] ReadMemory at 0x7ffa73390000 of 64 bytes failed: Only part of a ReadProcessMemory or WriteProcessMemory request was completed. (0x12B)
[0102/204432.960:WARNING:pe_image_reader.cc(340)] could not read dos header from C:\WINDOWS\SYSTEM32\Secur32.dll
[0102/204432.960:ERROR:process_memory_win.cc(73)] ReadMemory at 0x7ffa86140000 of 64 bytes failed: Only part of a ReadProcessMemory or WriteProcessMemory request was completed. (0x12B)
[0102/204432.960:WARNING:pe_image_reader.cc(340)] could not read dos header from C:\WINDOWS\SYSTEM32\USERENV.dll
[0102/204432.960:ERROR:process_memory_win.cc(73)] ReadMemory at 0x7ffa86270000 of 64 bytes failed: Only part of a ReadProcessMemory or WriteProcessMemory request was completed. (0x12B)
[0102/204432.960:WARNING:pe_image_reader.cc(340)] could not read dos header from C:\WINDOWS\System32\profapi.dll
[0102/204432.960:ERROR:process_memory_win.cc(73)] ReadMemory at 0x7ffa5a730000 of 64 bytes failed: Only part of a ReadProcessMemory or WriteProcessMemory request was completed. (0x12B)
[0102/204432.960:WARNING:pe_image_reader.cc(340)] could not read dos header from C:\WINDOWS\SYSTEM32\DWrite.dll
[0102/204432.960:ERROR:process_memory_win.cc(73)] ReadMemory at 0x7ffa752e0000 of 64 bytes failed: Only part of a ReadProcessMemory or WriteProcessMemory request was completed. (0x12B)
[0102/204432.960:WARNING:pe_image_reader.cc(340)] could not read dos header from C:\WINDOWS\SYSTEM32\WINSPOOL.DRV
[0102/204432.960:ERROR:process_memory_win.cc(73)] ReadMemory at 0x7ffa86230000 of 64 bytes failed: Only part of a ReadProcessMemory or WriteProcessMemory request was completed. (0x12B)
[0102/204432.960:WARNING:pe_image_reader.cc(340)] could not read dos header from C:\WINDOWS\System32\kernel.appcore.dll
[0102/204432.961:ERROR:process_memory_win.cc(73)] ReadMemory at 0x7ffa869a0000 of 64 bytes failed: Only part of a ReadProcessMemory or WriteProcessMemory request was completed. (0x12B)
[0102/204432.961:WARNING:pe_image_reader.cc(340)] could not read dos header from C:\WINDOWS\System32\bcrypt.dll
[0102/204432.961:ERROR:process_memory_win.cc(73)] ReadMemory at 0x7ffa77e80000 of 64 bytes failed: Only part of a ReadProcessMemory or WriteProcessMemory request was completed. (0x12B)
[0102/204432.961:WARNING:pe_image_reader.cc(340)] could not read dos header from C:\WINDOWS\SYSTEM32\WINHTTP.dll
[0102/204432.961:ERROR:process_memory_win.cc(73)] ReadMemory at 0x7ffa7e4c0000 of 64 bytes failed: Only part of a ReadProcessMemory or WriteProcessMemory request was completed. (0x12B)
[0102/204432.961:WARNING:pe_image_reader.cc(340)] could not read dos header from C:\WINDOWS\SYSTEM32\dhcpcsvc.DLL
[0102/204432.961:ERROR:process_memory_win.cc(73)] ReadMemory at 0x20d90e10000 of 64 bytes failed: Only part of a ReadProcessMemory or WriteProcessMemory request was completed. (0x12B)
[0102/204432.961:WARNING:pe_image_reader.cc(340)] could not read dos header from C:\WINDOWS\System32\NSI.dll
[0102/204432.961:ERROR:process_memory_win.cc(73)] ReadMemory at 0x7ffa836f0000 of 64 bytes failed: Only part of a ReadProcessMemory or WriteProcessMemory request was completed. (0x12B)
[0102/204432.961:WARNING:pe_image_reader.cc(340)] could not read dos header from C:\WINDOWS\SYSTEM32\WINMMBASE.dll
[0102/204432.961:ERROR:process_memory_win.cc(73)] ReadMemory at 0x7ffa873e0000 of 64 bytes failed: Only part of a ReadProcessMemory or WriteProcessMemory request was completed. (0x12B)
[0102/204432.961:WARNING:pe_image_reader.cc(340)] could not read dos header from C:\WINDOWS\System32\cfgmgr32.dll
[0102/204432.961:ERROR:process_memory_win.cc(73)] ReadMemory at 0x7ffa84750000 of 64 bytes failed: Only part of a ReadProcessMemory or WriteProcessMemory request was completed. (0x12B)
[0102/204432.961:WARNING:pe_image_reader.cc(340)] could not read dos header from C:\WINDOWS\SYSTEM32\PROPSYS.dll
[0102/204432.961:ERROR:process_memory_win.cc(73)] ReadMemory at 0x7ffa890d0000 of 64 bytes failed: Only part of a ReadProcessMemory or WriteProcessMemory request was completed. (0x12B)
[0102/204432.961:WARNING:pe_image_reader.cc(340)] could not read dos header from C:\WINDOWS\System32\shcore.dll
[0102/204432.961:ERROR:process_memory_win.cc(73)] ReadMemory at 0x7ffa86100000 of 64 bytes failed: Only part of a ReadProcessMemory or WriteProcessMemory request was completed. (0x12B)
[0102/204432.973:WARNING:pe_image_reader.cc(340)] could not read dos header from C:\WINDOWS\SYSTEM32\SSPICLI.DLL
[0102/204432.973:ERROR:process_memory_win.cc(73)] ReadMemory at 0x7ffa87860000 of 64 bytes failed: Only part of a ReadProcessMemory or WriteProcessMemory request was completed. (0x12B)
[0102/204432.973:WARNING:pe_image_reader.cc(340)] could not read dos header from C:\WINDOWS\System32\ole32.dll
[0102/204432.973:ERROR:process_memory_win.cc(73)] ReadMemory at 0x7ffa877c0000 of 64 bytes failed: Only part of a ReadProcessMemory or WriteProcessMemory request was completed. (0x12B)
[0102/204432.973:WARNING:pe_image_reader.cc(340)] could not read dos header from C:\WINDOWS\System32\GDI32.dll
[0102/204432.973:ERROR:process_memory_win.cc(73)] ReadMemory at 0x7ffa869d0000 of 64 bytes failed: Only part of a ReadProcessMemory or WriteProcessMemory request was completed. (0x12B)
[0102/204432.973:WARNING:pe_image_reader.cc(340)] could not read dos header from C:\WINDOWS\System32\win32u.dll
[0102/204432.973:ERROR:process_memory_win.cc(73)] ReadMemory at 0x7ffa867e0000 of 64 bytes failed: Only part of a ReadProcessMemory or WriteProcessMemory request was completed. (0x12B)
[0102/204432.973:WARNING:pe_image_reader.cc(340)] could not read dos header from C:\WINDOWS\System32\gdi32full.dll
[0102/204432.973:ERROR:process_memory_win.cc(73)] ReadMemory at 0x7ffa87eb0000 of 64 bytes failed: Only part of a ReadProcessMemory or WriteProcessMemory request was completed. (0x12B)
[0102/204432.973:WARNING:pe_image_reader.cc(340)] could not read dos header from C:\WINDOWS\System32\USER32.dll
[0102/204432.974:ERROR:process_memory_win.cc(73)] ReadMemory at 0x7ffa87650000 of 64 bytes failed: Only part of a ReadProcessMemory or WriteProcessMemory request was completed. (0x12B)
[0102/204432.974:WARNING:pe_image_reader.cc(340)] could not read dos header from C:\WINDOWS\System32\IMM32.DLL
[0102/204432.974:ERROR:process_memory_win.cc(73)] ReadMemory at 0x7ffa85c40000 of 64 bytes failed: Only part of a ReadProcessMemory or WriteProcessMemory request was completed. (0x12B)
[0102/204432.974:WARNING:pe_image_reader.cc(340)] could not read dos header from C:\WINDOWS\SYSTEM32\CRYPTBASE.DLL
[0102/204432.992:ERROR:process_memory_win.cc(73)] ReadMemory at 0x7ff738f10000 of 64 bytes failed: Only part of a ReadProcessMemory or WriteProcessMemory request was completed. (0x12B)
[0102/204432.992:WARNING:pe_image_reader.cc(340)] could not read dos header from C:\Program Files (x86)\Google\Chrome\Application\chrome.exe
[0102/204432.992:ERROR:process_memory_win.cc(73)] ReadMemory at 0x7ffa89380000 of 64 bytes failed: Only part of a ReadProcessMemory or WriteProcessMemory request was completed. (0x12B)
[0102/204432.992:WARNING:pe_image_reader.cc(340)] could not read dos header from C:\WINDOWS\SYSTEM32\ntdll.dll
[0102/204432.992:ERROR:process_memory_win.cc(73)] ReadMemory at 0x7ffa88100000 of 64 bytes failed: Only part of a ReadProcessMemory or WriteProcessMemory request was completed. (0x12B)
[0102/204432.992:WARNING:pe_image_reader.cc(340)] could not read dos header from C:\WINDOWS\System32\KERNEL32.dll
[0102/204432.992:ERROR:process_memory_win.cc(73)] ReadMemory at 0x7ffa86420000 of 64 bytes failed: Only part of a ReadProcessMemory or WriteProcessMemory request was completed. (0x12B)
[0102/204432.992:WARNING:pe_image_reader.cc(340)] could not read dos header from C:\WINDOWS\System32\KERNELBASE.dll
[0102/204432.992:ERROR:process_memory_win.cc(73)] ReadMemory at 0x7ffa47dd0000 of 64 bytes failed: Only part of a ReadProcessMemory or WriteProcessMemory request was completed. (0x12B)
[0102/204432.992:WARNING:pe_image_reader.cc(340)] could not read dos header from C:\Program Files (x86)\Google\Chrome\Application\87.0.4280.88\chrome_elf.dll
[0102/204432.992:ERROR:process_memory_win.cc(73)] ReadMemory at 0x7ffa80270000 of 64 bytes failed: Only part of a ReadProcessMemory or WriteProcessMemory request was completed. (0x12B)
[0102/204432.992:WARNING:pe_image_reader.cc(340)] could not read dos header from C:\WINDOWS\SYSTEM32\VERSION.dll
[0102/204432.993:ERROR:process_memory_win.cc(73)] ReadMemory at 0x7ffa87490000 of 64 bytes failed: Only part of a ReadProcessMemory or WriteProcessMemory request was completed. (0x12B)
[0102/204432.993:WARNING:pe_image_reader.cc(340)] could not read dos header from C:\WINDOWS\System32\msvcrt.dll
[0102/204432.993:ERROR:process_memory_win.cc(73)] ReadMemory at 0x7ffa86390000 of 64 bytes failed: Only part of a ReadProcessMemory or WriteProcessMemory request was completed. (0x12B)
[0102/204432.993:WARNING:pe_image_reader.cc(340)] could not read dos header from C:\WINDOWS\System32\bcryptPrimitives.dll
[0102/204432.993:ERROR:process_memory_win.cc(73)] ReadMemory at 0x7ffa87dd0000 of 64 bytes failed: Only part of a ReadProcessMemory or WriteProcessMemory request was completed. (0x12B)
[0102/204432.993:WARNING:pe_image_reader.cc(340)] could not read dos header from C:\WINDOWS\System32\ADVAPI32.dll
[0102/204432.993:ERROR:process_memory_win.cc(73)] ReadMemory at 0x7ffa87530000 of 64 bytes failed: Only part of a ReadProcessMemory or WriteProcessMemory request was completed. (0x12B)
[0102/204432.993:WARNING:pe_image_reader.cc(340)] could not read dos header from C:\WINDOWS\System32\sechost.dll
[0102/204432.993:ERROR:process_memory_win.cc(73)] ReadMemory at 0x7ffa87a20000 of 64 bytes failed: Only part of a ReadProcessMemory or WriteProcessMemory request was completed. (0x12B)
[0102/204432.993:WARNING:pe_image_reader.cc(340)] could not read dos header from C:\WINDOWS\System32\RPCRT4.dll
[0102/204432.993:ERROR:process_memory_win.cc(73)] ReadMemory at 0x7ff9f8860000 of 64 bytes failed: Only part of a ReadProcessMemory or WriteProcessMemory request was completed. (0x12B)
[0102/204432.993:WARNING:pe_image_reader.cc(340)] could not read dos header from C:\Program Files (x86)\Google\Chrome\Application\87.0.4280.88\chrome.dll
[0102/204432.993:ERROR:process_memory_win.cc(73)] ReadMemory at 0x7ffa877f0000 of 64 bytes failed: Only part of a ReadProcessMemory or WriteProcessMemory request was completed. (0x12B)
[0102/204432.993:WARNING:pe_image_reader.cc(340)] could not read dos header from C:\WINDOWS\System32\WS2_32.dll
[0102/204432.993:ERROR:process_memory_win.cc(73)] ReadMemory at 0x7ffa89270000 of 64 bytes failed: Only part of a ReadProcessMemory or WriteProcessMemory request was completed. (0x12B)
[0102/204432.993:WARNING:pe_image_reader.cc(340)] could not read dos header from C:\WINDOWS\System32\OLEAUT32.dll
[0102/204432.993:ERROR:process_memory_win.cc(73)] ReadMemory at 0x7ffa862f0000 of 64 bytes failed: Only part of a ReadProcessMemory or WriteProcessMemory request was completed. (0x12B)
[0102/204432.993:WARNING:pe_image_reader.cc(340)] could not read dos header from C:\WINDOWS\System32\msvcp_win.dll
[0102/204432.993:ERROR:process_memory_win.cc(73)] ReadMemory at 0x7ffa87190000 of 64 bytes failed: Only part of a ReadProcessMemory or WriteProcessMemory request was completed. (0x12B)
[0102/204432.993:WARNING:pe_image_reader.cc(340)] could not read dos header from C:\WINDOWS\System32\ucrtbase.dll
[0102/204432.993:ERROR:process_memory_win.cc(73)] ReadMemory at 0x7ffa881d0000 of 64 bytes failed: Only part of a ReadProcessMemory or WriteProcessMemory request was completed. (0x12B)
[0102/204432.993:WARNING:pe_image_reader.cc(340)] could not read dos header from C:\WINDOWS\System32\combase.dll
[0102/204432.993:ERROR:process_memory_win.cc(73)] ReadMemory at 0x7ffa866d0000 of 64 bytes failed: Only part of a ReadProcessMemory or WriteProcessMemory request was completed. (0x12B)
[0102/204432.993:WARNING:pe_image_reader.cc(340)] could not read dos header from C:\WINDOWS\System32\WINTRUST.dll
[0102/204432.993:ERROR:process_memory_win.cc(73)] ReadMemory at 0x7ffa86250000 of 64 bytes failed: Only part of a ReadProcessMemory or WriteProcessMemory request was completed. (0x12B)
[0102/204432.993:WARNING:pe_image_reader.cc(340)] could not read dos header from C:\WINDOWS\System32\MSASN1.dll
[0102/204432.993:ERROR:process_memory_win.cc(73)] ReadMemory at 0x7ffa87290000 of 64 bytes failed: Only part of a ReadProcessMemory or WriteProcessMemory request was completed. (0x12B)
[0102/204432.993:WARNING:pe_image_reader.cc(340)] could not read dos header from C:\WINDOWS\System32\CRYPT32.dll
[0102/204432.993:ERROR:process_memory_win.cc(73)] ReadMemory at 0x7ffa84b10000 of 64 bytes failed: Only part of a ReadProcessMemory or WriteProcessMemory request was completed. (0x12B)
[0102/204432.994:WARNING:pe_image_reader.cc(340)] could not read dos header from C:\WINDOWS\SYSTEM32\dbghelp.dll
[0102/204432.994:ERROR:process_memory_win.cc(73)] ReadMemory at 0x7ffa85780000 of 64 bytes failed: Only part of a ReadProcessMemory or WriteProcessMemory request was completed. (0x12B)
[0102/204432.994:WARNING:pe_image_reader.cc(340)] could not read dos header from C:\WINDOWS\SYSTEM32\IPHLPAPI.DLL
[0102/204432.994:ERROR:process_memory_win.cc(73)] ReadMemory at 0x7ffa83b70000 of 64 bytes failed: Only part of a ReadProcessMemory or WriteProcessMemory request was completed. (0x12B)
[0102/204432.994:WARNING:pe_image_reader.cc(340)] could not read dos header from C:\WINDOWS\SYSTEM32\WINMM.dll
[0102/204432.994:ERROR:process_memory_win.cc(73)] ReadMemory at 0x7ffa5a2b0000 of 64 bytes failed: Only part of a ReadProcessMemory or WriteProcessMemory request was completed. (0x12B)
[0102/204432.994:WARNING:pe_image_reader.cc(340)] could not read dos header from C:\WINDOWS\SYSTEM32\UIAutomationCore.DLL
[0102/204432.994:ERROR:process_memory_win.cc(73)] ReadMemory at 0x7ffa73390000 of 64 bytes failed: Only part of a ReadProcessMemory or WriteProcessMemory request was completed. (0x12B)
[0102/204432.994:WARNING:pe_image_reader.cc(340)] could not read dos header from C:\WINDOWS\SYSTEM32\Secur32.dll
[0102/204432.994:ERROR:process_memory_win.cc(73)] ReadMemory at 0x7ffa86140000 of 64 bytes failed: Only part of a ReadProcessMemory or WriteProcessMemory request was completed. (0x12B)
[0102/204432.994:WARNING:pe_image_reader.cc(340)] could not read dos header from C:\WINDOWS\SYSTEM32\USERENV.dll
[0102/204432.994:ERROR:process_memory_win.cc(73)] ReadMemory at 0x7ffa86270000 of 64 bytes failed: Only part of a ReadProcessMemory or WriteProcessMemory request was completed. (0x12B)
[0102/204432.994:WARNING:pe_image_reader.cc(340)] could not read dos header from C:\WINDOWS\System32\profapi.dll
[0102/204432.994:ERROR:process_memory_win.cc(73)] ReadMemory at 0x7ffa5a730000 of 64 bytes failed: Only part of a ReadProcessMemory or WriteProcessMemory request was completed. (0x12B)
[0102/204432.994:WARNING:pe_image_reader.cc(340)] could not read dos header from C:\WINDOWS\SYSTEM32\DWrite.dll
[0102/204432.994:ERROR:process_memory_win.cc(73)] ReadMemory at 0x7ffa752e0000 of 64 bytes failed: Only part of a ReadProcessMemory or WriteProcessMemory request was completed. (0x12B)
[0102/204432.994:WARNING:pe_image_reader.cc(340)] could not read dos header from C:\WINDOWS\SYSTEM32\WINSPOOL.DRV
[0102/204432.994:ERROR:process_memory_win.cc(73)] ReadMemory at 0x7ffa86230000 of 64 bytes failed: Only part of a ReadProcessMemory or WriteProcessMemory request was completed. (0x12B)
[0102/204432.994:WARNING:pe_image_reader.cc(340)] could not read dos header from C:\WINDOWS\System32\kernel.appcore.dll
[0102/204432.994:ERROR:process_memory_win.cc(73)] ReadMemory at 0x7ffa869a0000 of 64 bytes failed: Only part of a ReadProcessMemory or WriteProcessMemory request was completed. (0x12B)
[0102/204432.994:WARNING:pe_image_reader.cc(340)] could not read dos header from C:\WINDOWS\System32\bcrypt.dll
[0102/204432.994:ERROR:process_memory_win.cc(73)] ReadMemory at 0x7ffa77e80000 of 64 bytes failed: Only part of a ReadProcessMemory or WriteProcessMemory request was completed. (0x12B)
[0102/204432.994:WARNING:pe_image_reader.cc(340)] could not read dos header from C:\WINDOWS\SYSTEM32\WINHTTP.dll
[0102/204432.994:ERROR:process_memory_win.cc(73)] ReadMemory at 0x7ffa7e4c0000 of 64 bytes failed: Only part of a ReadProcessMemory or WriteProcessMemory request was completed. (0x12B)
[0102/204432.994:WARNING:pe_image_reader.cc(340)] could not read dos header from C:\WINDOWS\SYSTEM32\dhcpcsvc.DLL
[0102/204432.994:ERROR:process_memory_win.cc(73)] ReadMemory at 0x20d90e10000 of 64 bytes failed: Only part of a ReadProcessMemory or WriteProcessMemory request was completed. (0x12B)
[0102/204432.994:WARNING:pe_image_reader.cc(340)] could not read dos header from C:\WINDOWS\System32\NSI.dll
[0102/204432.994:ERROR:process_memory_win.cc(73)] ReadMemory at 0x7ffa836f0000 of 64 bytes failed: Only part of a ReadProcessMemory or WriteProcessMemory request was completed. (0x12B)
[0102/204432.994:WARNING:pe_image_reader.cc(340)] could not read dos header from C:\WINDOWS\SYSTEM32\WINMMBASE.dll
[0102/204432.994:ERROR:process_memory_win.cc(73)] ReadMemory at 0x7ffa873e0000 of 64 bytes failed: Only part of a ReadProcessMemory or WriteProcessMemory request was completed. (0x12B)
[0102/204432.995:WARNING:pe_image_reader.cc(340)] could not read dos header from C:\WINDOWS\System32\cfgmgr32.dll
[0102/204432.995:ERROR:process_memory_win.cc(73)] ReadMemory at 0x7ffa84750000 of 64 bytes failed: Only part of a ReadProcessMemory or WriteProcessMemory request was completed. (0x12B)
[0102/204432.995:WARNING:pe_image_reader.cc(340)] could not read dos header from C:\WINDOWS\SYSTEM32\PROPSYS.dll
[0102/204432.995:ERROR:process_memory_win.cc(73)] ReadMemory at 0x7ffa890d0000 of 64 bytes failed: Only part of a ReadProcessMemory or WriteProcessMemory request was completed. (0x12B)
[0102/204432.995:WARNING:pe_image_reader.cc(340)] could not read dos header from C:\WINDOWS\System32\shcore.dll
[0102/204432.995:ERROR:process_memory_win.cc(73)] ReadMemory at 0x7ffa86100000 of 64 bytes failed: Only part of a ReadProcessMemory or WriteProcessMemory request was completed. (0x12B)
[0102/204432.995:WARNING:pe_image_reader.cc(340)] could not read dos header from C:\WINDOWS\SYSTEM32\SSPICLI.DLL
[0102/204432.995:ERROR:process_memory_win.cc(73)] ReadMemory at 0x7ffa87860000 of 64 bytes failed: Only part of a ReadProcessMemory or WriteProcessMemory request was completed. (0x12B)
[0102/204432.995:WARNING:pe_image_reader.cc(340)] could not read dos header from C:\WINDOWS\System32\ole32.dll
[0102/204432.995:ERROR:process_memory_win.cc(73)] ReadMemory at 0x7ffa877c0000 of 64 bytes failed: Only part of a ReadProcessMemory or WriteProcessMemory request was completed. (0x12B)
[0102/204432.995:WARNING:pe_image_reader.cc(340)] could not read dos header from C:\WINDOWS\System32\GDI32.dll
[0102/204432.995:ERROR:process_memory_win.cc(73)] ReadMemory at 0x7ffa869d0000 of 64 bytes failed: Only part of a ReadProcessMemory or WriteProcessMemory request was completed. (0x12B)
[0102/204432.995:WARNING:pe_image_reader.cc(340)] could not read dos header from C:\WINDOWS\System32\win32u.dll
[0102/204432.995:ERROR:process_memory_win.cc(73)] ReadMemory at 0x7ffa867e0000 of 64 bytes failed: Only part of a ReadProcessMemory or WriteProcessMemory request was completed. (0x12B)
[0102/204432.995:WARNING:pe_image_reader.cc(340)] could not read dos header from C:\WINDOWS\System32\gdi32full.dll
[0102/204432.995:ERROR:process_memory_win.cc(73)] ReadMemory at 0x7ffa87eb0000 of 64 bytes failed: Only part of a ReadProcessMemory or WriteProcessMemory request was completed. (0x12B)
[0102/204432.995:WARNING:pe_image_reader.cc(340)] could not read dos header from C:\WINDOWS\System32\USER32.dll
[0102/204432.995:ERROR:process_memory_win.cc(73)] ReadMemory at 0x7ffa87650000 of 64 bytes failed: Only part of a ReadProcessMemory or WriteProcessMemory request was completed. (0x12B)
[0102/204432.995:WARNING:pe_image_reader.cc(340)] could not read dos header from C:\WINDOWS\System32\IMM32.DLL
[0102/204432.995:ERROR:process_memory_win.cc(73)] ReadMemory at 0x7ffa85c40000 of 64 bytes failed: Only part of a ReadProcessMemory or WriteProcessMemory request was completed. (0x12B)
[0102/204432.995:WARNING:pe_image_reader.cc(340)] could not read dos header from C:\WINDOWS\SYSTEM32\CRYPTBASE.DLL
[0102/204432.995:ERROR:process_memory_win.cc(73)] ReadMemory at 0x7ff738f10000 of 64 bytes failed: Only part of a ReadProcessMemory or WriteProcessMemory request was completed. (0x12B)
[0102/204432.995:WARNING:pe_image_reader.cc(340)] could not read dos header from C:\Program Files (x86)\Google\Chrome\Application\chrome.exe
[0102/204432.995:ERROR:process_memory_win.cc(73)] ReadMemory at 0x7ffa89380000 of 64 bytes failed: Only part of a ReadProcessMemory or WriteProcessMemory request was completed. (0x12B)
[0102/204432.995:WARNING:pe_image_reader.cc(340)] could not read dos header from C:\WINDOWS\SYSTEM32\ntdll.dll
[0102/204432.995:ERROR:process_memory_win.cc(73)] ReadMemory at 0x7ffa88100000 of 64 bytes failed: Only part of a ReadProcessMemory or WriteProcessMemory request was completed. (0x12B)
[0102/204432.995:WARNING:pe_image_reader.cc(340)] could not read dos header from C:\WINDOWS\System32\KERNEL32.dll
[0102/204432.995:ERROR:process_memory_win.cc(73)] ReadMemory at 0x7ffa86420000 of 64 bytes failed: Only part of a ReadProcessMemory or WriteProcessMemory request was completed. (0x12B)
[0102/204432.995:WARNING:pe_image_reader.cc(340)] could not read dos header from C:\WINDOWS\System32\KERNELBASE.dll
[0102/204432.996:ERROR:process_memory_win.cc(73)] ReadMemory at 0x7ffa47dd0000 of 64 bytes failed: Only part of a ReadProcessMemory or WriteProcessMemory request was completed. (0x12B)
[0102/204432.996:WARNING:pe_image_reader.cc(340)] could not read dos header from C:\Program Files (x86)\Google\Chrome\Application\87.0.4280.88\chrome_elf.dll
[0102/204432.996:ERROR:process_memory_win.cc(73)] ReadMemory at 0x7ffa80270000 of 64 bytes failed: Only part of a ReadProcessMemory or WriteProcessMemory request was completed. (0x12B)
[0102/204432.996:WARNING:pe_image_reader.cc(340)] could not read dos header from C:\WINDOWS\SYSTEM32\VERSION.dll
[0102/204432.996:ERROR:process_memory_win.cc(73)] ReadMemory at 0x7ffa87490000 of 64 bytes failed: Only part of a ReadProcessMemory or WriteProcessMemory request was completed. (0x12B)
[0102/204432.996:WARNING:pe_image_reader.cc(340)] could not read dos header from C:\WINDOWS\System32\msvcrt.dll
[0102/204432.996:ERROR:process_memory_win.cc(73)] ReadMemory at 0x7ffa86390000 of 64 bytes failed: Only part of a ReadProcessMemory or WriteProcessMemory request was completed. (0x12B)
[0102/204432.996:WARNING:pe_image_reader.cc(340)] could not read dos header from C:\WINDOWS\System32\bcryptPrimitives.dll
[0102/204432.996:ERROR:process_memory_win.cc(73)] ReadMemory at 0x7ffa87dd0000 of 64 bytes failed: Only part of a ReadProcessMemory or WriteProcessMemory request was completed. (0x12B)
[0102/204432.996:WARNING:pe_image_reader.cc(340)] could not read dos header from C:\WINDOWS\System32\ADVAPI32.dll
[0102/204432.996:ERROR:process_memory_win.cc(73)] ReadMemory at 0x7ffa87530000 of 64 bytes failed: Only part of a ReadProcessMemory or WriteProcessMemory request was completed. (0x12B)
[0102/204432.996:WARNING:pe_image_reader.cc(340)] could not read dos header from C:\WINDOWS\System32\sechost.dll
[0102/204432.996:ERROR:process_memory_win.cc(73)] ReadMemory at 0x7ffa87a20000 of 64 bytes failed: Only part of a ReadProcessMemory or WriteProcessMemory request was completed. (0x12B)
[0102/204432.996:WARNING:pe_image_reader.cc(340)] could not read dos header from C:\WINDOWS\System32\RPCRT4.dll
[0102/204432.996:ERROR:process_memory_win.cc(73)] ReadMemory at 0x7ff9f8860000 of 64 bytes failed: Only part of a ReadProcessMemory or WriteProcessMemory request was completed. (0x12B)
[0102/204432.996:WARNING:pe_image_reader.cc(340)] could not read dos header from C:\Program Files (x86)\Google\Chrome\Application\87.0.4280.88\chrome.dll
[0102/204432.996:ERROR:process_memory_win.cc(73)] ReadMemory at 0x7ffa877f0000 of 64 bytes failed: Only part of a ReadProcessMemory or WriteProcessMemory request was completed. (0x12B)
[0102/204432.996:WARNING:pe_image_reader.cc(340)] could not read dos header from C:\WINDOWS\System32\WS2_32.dll
[0102/204432.996:ERROR:process_memory_win.cc(73)] ReadMemory at 0x7ffa89270000 of 64 bytes failed: Only part of a ReadProcessMemory or WriteProcessMemory request was completed. (0x12B)
[0102/204432.996:WARNING:pe_image_reader.cc(340)] could not read dos header from C:\WINDOWS\System32\OLEAUT32.dll
[0102/204432.996:ERROR:process_memory_win.cc(73)] ReadMemory at 0x7ffa862f0000 of 64 bytes failed: Only part of a ReadProcessMemory or WriteProcessMemory request was completed. (0x12B)
[0102/204432.996:WARNING:pe_image_reader.cc(340)] could not read dos header from C:\WINDOWS\System32\msvcp_win.dll
[0102/204432.996:ERROR:process_memory_win.cc(73)] ReadMemory at 0x7ffa87190000 of 64 bytes failed: Only part of a ReadProcessMemory or WriteProcessMemory request was completed. (0x12B)
[0102/204432.996:WARNING:pe_image_reader.cc(340)] could not read dos header from C:\WINDOWS\System32\ucrtbase.dll
[0102/204432.996:ERROR:process_memory_win.cc(73)] ReadMemory at 0x7ffa881d0000 of 64 bytes failed: Only part of a ReadProcessMemory or WriteProcessMemory request was completed. (0x12B)
[0102/204432.996:WARNING:pe_image_reader.cc(340)] could not read dos header from C:\WINDOWS\System32\combase.dll
[0102/204432.996:ERROR:process_memory_win.cc(73)] ReadMemory at 0x7ffa866d0000 of 64 bytes failed: Only part of a ReadProcessMemory or WriteProcessMemory request was completed. (0x12B)
[0102/204432.996:WARNING:pe_image_reader.cc(340)] could not read dos header from C:\WINDOWS\System32\WINTRUST.dll
[0102/204432.997:ERROR:process_memory_win.cc(73)] ReadMemory at 0x7ffa86250000 of 64 bytes failed: Only part of a ReadProcessMemory or WriteProcessMemory request was completed. (0x12B)
[0102/204432.997:WARNING:pe_image_reader.cc(340)] could not read dos header from C:\WINDOWS\System32\MSASN1.dll
[0102/204432.997:ERROR:process_memory_win.cc(73)] ReadMemory at 0x7ffa87290000 of 64 bytes failed: Only part of a ReadProcessMemory or WriteProcessMemory request was completed. (0x12B)
[0102/204432.997:WARNING:pe_image_reader.cc(340)] could not read dos header from C:\WINDOWS\System32\CRYPT32.dll
[0102/204432.997:ERROR:process_memory_win.cc(73)] ReadMemory at 0x7ffa84b10000 of 64 bytes failed: Only part of a ReadProcessMemory or WriteProcessMemory request was completed. (0x12B)
[0102/204432.997:WARNING:pe_image_reader.cc(340)] could not read dos header from C:\WINDOWS\SYSTEM32\dbghelp.dll
[0102/204432.997:ERROR:process_memory_win.cc(73)] ReadMemory at 0x7ffa85780000 of 64 bytes failed: Only part of a ReadProcessMemory or WriteProcessMemory request was completed. (0x12B)
[0102/204432.997:WARNING:pe_image_reader.cc(340)] could not read dos header from C:\WINDOWS\SYSTEM32\IPHLPAPI.DLL
[0102/204432.997:ERROR:process_memory_win.cc(73)] ReadMemory at 0x7ffa83b70000 of 64 bytes failed: Only part of a ReadProcessMemory or WriteProcessMemory request was completed. (0x12B)
[0102/204432.997:WARNING:pe_image_reader.cc(340)] could not read dos header from C:\WINDOWS\SYSTEM32\WINMM.dll
[0102/204432.997:ERROR:process_memory_win.cc(73)] ReadMemory at 0x7ffa5a2b0000 of 64 bytes failed: Only part of a ReadProcessMemory or WriteProcessMemory request was completed. (0x12B)
[0102/204432.997:WARNING:pe_image_reader.cc(340)] could not read dos header from C:\WINDOWS\SYSTEM32\UIAutomationCore.DLL
[0102/204432.997:ERROR:process_memory_win.cc(73)] ReadMemory at 0x7ffa73390000 of 64 bytes failed: Only part of a ReadProcessMemory or WriteProcessMemory request was completed. (0x12B)
[0102/204432.997:WARNING:pe_image_reader.cc(340)] could not read dos header from C:\WINDOWS\SYSTEM32\Secur32.dll
[0102/204432.997:ERROR:process_memory_win.cc(73)] ReadMemory at 0x7ffa86140000 of 64 bytes failed: Only part of a ReadProcessMemory or WriteProcessMemory request was completed. (0x12B)
[0102/204432.997:WARNING:pe_image_reader.cc(340)] could not read dos header from C:\WINDOWS\SYSTEM32\USERENV.dll
[0102/204432.997:ERROR:process_memory_win.cc(73)] ReadMemory at 0x7ffa86270000 of 64 bytes failed: Only part of a ReadProcessMemory or WriteProcessMemory request was completed. (0x12B)
[0102/204432.997:WARNING:pe_image_reader.cc(340)] could not read dos header from C:\WINDOWS\System32\profapi.dll
[0102/204432.997:ERROR:process_memory_win.cc(73)] ReadMemory at 0x7ffa5a730000 of 64 bytes failed: Only part of a ReadProcessMemory or WriteProcessMemory request was completed. (0x12B)
[0102/204432.999:WARNING:pe_image_reader.cc(340)] could not read dos header from C:\WINDOWS\SYSTEM32\DWrite.dll
[0102/204432.999:ERROR:process_memory_win.cc(73)] ReadMemory at 0x7ffa752e0000 of 64 bytes failed: Only part of a ReadProcessMemory or WriteProcessMemory request was completed. (0x12B)
[0102/204432.999:WARNING:pe_image_reader.cc(340)] could not read dos header from C:\WINDOWS\SYSTEM32\WINSPOOL.DRV
[0102/204432.999:ERROR:process_memory_win.cc(73)] ReadMemory at 0x7ffa86230000 of 64 bytes failed: Only part of a ReadProcessMemory or WriteProcessMemory request was completed. (0x12B)
[0102/204432.999:WARNING:pe_image_reader.cc(340)] could not read dos header from C:\WINDOWS\System32\kernel.appcore.dll
[0102/204432.999:ERROR:process_memory_win.cc(73)] ReadMemory at 0x7ffa869a0000 of 64 bytes failed: Only part of a ReadProcessMemory or WriteProcessMemory request was completed. (0x12B)
[0102/204432.999:WARNING:pe_image_reader.cc(340)] could not read dos header from C:\WINDOWS\System32\bcrypt.dll
[0102/204432.999:ERROR:process_memory_win.cc(73)] ReadMemory at 0x7ffa77e80000 of 64 bytes failed: Only part of a ReadProcessMemory or WriteProcessMemory request was completed. (0x12B)
[0102/204432.999:WARNING:pe_image_reader.cc(340)] could not read dos header from C:\WINDOWS\SYSTEM32\WINHTTP.dll
[0102/204432.999:ERROR:process_memory_win.cc(73)] ReadMemory at 0x7ffa7e4c0000 of 64 bytes failed: Only part of a ReadProcessMemory or WriteProcessMemory request was completed. (0x12B)
[0102/204432.999:WARNING:pe_image_reader.cc(340)] could not read dos header from C:\WINDOWS\SYSTEM32\dhcpcsvc.DLL
[0102/204432.999:ERROR:process_memory_win.cc(73)] ReadMemory at 0x20d90e10000 of 64 bytes failed: Only part of a ReadProcessMemory or WriteProcessMemory request was completed. (0x12B)
[0102/204432.999:WARNING:pe_image_reader.cc(340)] could not read dos header from C:\WINDOWS\System32\NSI.dll
[0102/204432.999:ERROR:process_memory_win.cc(73)] ReadMemory at 0x7ffa836f0000 of 64 bytes failed: Only part of a ReadProcessMemory or WriteProcessMemory request was completed. (0x12B)
[0102/204432.999:WARNING:pe_image_reader.cc(340)] could not read dos header from C:\WINDOWS\SYSTEM32\WINMMBASE.dll
[0102/204433.000:ERROR:process_memory_win.cc(73)] ReadMemory at 0x7ffa873e0000 of 64 bytes failed: Only part of a ReadProcessMemory or WriteProcessMemory request was completed. (0x12B)
[0102/204433.000:WARNING:pe_image_reader.cc(340)] could not read dos header from C:\WINDOWS\System32\cfgmgr32.dll
[0102/204433.000:ERROR:process_memory_win.cc(73)] ReadMemory at 0x7ffa84750000 of 64 bytes failed: Only part of a ReadProcessMemory or WriteProcessMemory request was completed. (0x12B)
[0102/204433.000:WARNING:pe_image_reader.cc(340)] could not read dos header from C:\WINDOWS\SYSTEM32\PROPSYS.dll
[0102/204433.000:ERROR:process_memory_win.cc(73)] ReadMemory at 0x7ffa890d0000 of 64 bytes failed: Only part of a ReadProcessMemory or WriteProcessMemory request was completed. (0x12B)
[0102/204433.000:WARNING:pe_image_reader.cc(340)] could not read dos header from C:\WINDOWS\System32\shcore.dll
[0102/204433.000:ERROR:process_memory_win.cc(73)] ReadMemory at 0x7ffa86100000 of 64 bytes failed: Only part of a ReadProcessMemory or WriteProcessMemory request was completed. (0x12B)
[0102/204433.000:WARNING:pe_image_reader.cc(340)] could not read dos header from C:\WINDOWS\SYSTEM32\SSPICLI.DLL
[0102/204433.000:ERROR:process_memory_win.cc(73)] ReadMemory at 0x7ffa87860000 of 64 bytes failed: Only part of a ReadProcessMemory or WriteProcessMemory request was completed. (0x12B)
[0102/204433.000:WARNING:pe_image_reader.cc(340)] could not read dos header from C:\WINDOWS\System32\ole32.dll
[0102/204433.000:ERROR:process_memory_win.cc(73)] ReadMemory at 0x7ffa877c0000 of 64 bytes failed: Only part of a ReadProcessMemory or WriteProcessMemory request was completed. (0x12B)
[0102/204433.000:WARNING:pe_image_reader.cc(340)] could not read dos header from C:\WINDOWS\System32\GDI32.dll
[0102/204433.000:ERROR:process_memory_win.cc(73)] ReadMemory at 0x7ffa869d0000 of 64 bytes failed: Only part of a ReadProcessMemory or WriteProcessMemory request was completed. (0x12B)
[0102/204433.000:WARNING:pe_image_reader.cc(340)] could not read dos header from C:\WINDOWS\System32\win32u.dll
[0102/204433.000:ERROR:process_memory_win.cc(73)] ReadMemory at 0x7ffa867e0000 of 64 bytes failed: Only part of a ReadProcessMemory or WriteProcessMemory request was completed. (0x12B)
[0102/204433.000:WARNING:pe_image_reader.cc(340)] could not read dos header from C:\WINDOWS\System32\gdi32full.dll
[0102/204433.000:ERROR:process_memory_win.cc(73)] ReadMemory at 0x7ffa87eb0000 of 64 bytes failed: Only part of a ReadProcessMemory or WriteProcessMemory request was completed. (0x12B)
[0102/204433.000:WARNING:pe_image_reader.cc(340)] could not read dos header from C:\WINDOWS\System32\USER32.dll
[0102/204433.000:ERROR:process_memory_win.cc(73)] ReadMemory at 0x7ffa87650000 of 64 bytes failed: Only part of a ReadProcessMemory or WriteProcessMemory request was completed. (0x12B)
[0102/204433.000:WARNING:pe_image_reader.cc(340)] could not read dos header from C:\WINDOWS\System32\IMM32.DLL
[0102/204433.000:ERROR:process_memory_win.cc(73)] ReadMemory at 0x7ffa85c40000 of 64 bytes failed: Only part of a ReadProcessMemory or WriteProcessMemory request was completed. (0x12B)
[0102/204433.000:WARNING:pe_image_reader.cc(340)] could not read dos header from C:\WINDOWS\SYSTEM32\CRYPTBASE.DLL
[0102/204433.012:ERROR:process_memory_win.cc(73)] ReadMemory at 0x7b253f8000 of 32768 bytes failed: Only part of a ReadProcessMemory or WriteProcessMemory request was completed. (0x12B)
[0102/204433.012:ERROR:process_memory_win.cc(73)] ReadMemory at 0x7b25bfe000 of 8192 bytes failed: Only part of a ReadProcessMemory or WriteProcessMemory request was completed. (0x12B)
[0102/204433.013:ERROR:process_memory_win.cc(73)] ReadMemory at 0x7b263fd000 of 12288 bytes failed: Only part of a ReadProcessMemory or WriteProcessMemory request was completed. (0x12B)
[0102/204433.013:ERROR:process_memory_win.cc(73)] ReadMemory at 0x7b26bfe000 of 8192 bytes failed: Only part of a ReadProcessMemory or WriteProcessMemory request was completed. (0x12B)
[0102/204433.013:ERROR:process_memory_win.cc(73)] ReadMemory at 0x7b273fd000 of 12288 bytes failed: Only part of a ReadProcessMemory or WriteProcessMemory request was completed. (0x12B)
[0102/204433.013:ERROR:process_memory_win.cc(73)] ReadMemory at 0x7b27bfe000 of 8192 bytes failed: Only part of a ReadProcessMemory or WriteProcessMemory request was completed. (0x12B)
[0102/204433.013:ERROR:process_memory_win.cc(73)] ReadMemory at 0x7b283fe000 of 8192 bytes failed: Only part of a ReadProcessMemory or WriteProcessMemory request was completed. (0x12B)
[0102/204433.013:ERROR:process_memory_win.cc(73)] ReadMemory at 0x7b28bfe000 of 8192 bytes failed: Only part of a ReadProcessMemory or WriteProcessMemory request was completed. (0x12B)
[0102/204433.013:ERROR:process_memory_win.cc(73)] ReadMemory at 0x7b293fe000 of 8192 bytes failed: Only part of a ReadProcessMemory or WriteProcessMemory request was completed. (0x12B)
[0102/204433.013:ERROR:process_memory_win.cc(73)] ReadMemory at 0x7b29bfe000 of 8192 bytes failed: Only part of a ReadProcessMemory or WriteProcessMemory request was completed. (0x12B)
[0102/204433.013:ERROR:process_memory_win.cc(73)] ReadMemory at 0x7b2a3fe000 of 8192 bytes failed: Only part of a ReadProcessMemory or WriteProcessMemory request was completed. (0x12B)
[0102/204433.014:ERROR:process_memory_win.cc(73)] ReadMemory at 0x7b2abfe000 of 8192 bytes failed: Only part of a ReadProcessMemory or WriteProcessMemory request was completed. (0x12B)
[0102/204433.014:ERROR:process_memory_win.cc(73)] ReadMemory at 0x7b2b3fe000 of 8192 bytes failed: Only part of a ReadProcessMemory or WriteProcessMemory request was completed. (0x12B)
[0102/204433.014:ERROR:process_memory_win.cc(73)] ReadMemory at 0x7b2bbfe000 of 8192 bytes failed: Only part of a ReadProcessMemory or WriteProcessMemory request was completed. (0x12B)
[0102/204433.014:ERROR:process_memory_win.cc(73)] ReadMemory at 0x7b2c3fe000 of 8192 bytes failed: Only part of a ReadProcessMemory or WriteProcessMemory request was completed. (0x12B)
[0102/204433.014:ERROR:process_memory_win.cc(73)] ReadMemory at 0x7b2cbfe000 of 8192 bytes failed: Only part of a ReadProcessMemory or WriteProcessMemory request was completed. (0x12B)
[0102/204433.014:ERROR:process_memory_win.cc(73)] ReadMemory at 0x7b24aa1000 of 852 bytes failed: Only part of a ReadProcessMemory or WriteProcessMemory request was completed. (0x12B)
[0102/204433.015:ERROR:process_memory_win.cc(73)] ReadMemory at 0x7b24aa2000 of 6024 bytes failed: Only part of a ReadProcessMemory or WriteProcessMemory request was completed. (0x12B)
[0102/204433.016:ERROR:process_memory_win.cc(73)] ReadMemory at 0x7b24aa4000 of 6024 bytes failed: Only part of a ReadProcessMemory or WriteProcessMemory request was completed. (0x12B)
[0102/204433.016:ERROR:process_memory_win.cc(73)] ReadMemory at 0x7b24aa6000 of 6024 bytes failed: Only part of a ReadProcessMemory or WriteProcessMemory request was completed. (0x12B)
[0102/204433.016:ERROR:process_memory_win.cc(73)] ReadMemory at 0x7b24aa8000 of 6024 bytes failed: Only part of a ReadProcessMemory or WriteProcessMemory request was completed. (0x12B)
[0102/204433.016:ERROR:process_memory_win.cc(73)] ReadMemory at 0x7b24aaa000 of 6024 bytes failed: Only part of a ReadProcessMemory or WriteProcessMemory request was completed. (0x12B)
[0102/204433.016:ERROR:process_memory_win.cc(73)] ReadMemory at 0x7b24aac000 of 6024 bytes failed: Only part of a ReadProcessMemory or WriteProcessMemory request was completed. (0x12B)
[0102/204433.016:ERROR:process_memory_win.cc(73)] ReadMemory at 0x7b24aae000 of 6024 bytes failed: Only part of a ReadProcessMemory or WriteProcessMemory request was completed. (0x12B)
[0102/204433.016:ERROR:process_memory_win.cc(73)] ReadMemory at 0x7b24ab0000 of 6024 bytes failed: Only part of a ReadProcessMemory or WriteProcessMemory request was completed. (0x12B)
[0102/204433.016:ERROR:process_memory_win.cc(73)] ReadMemory at 0x7b24ab2000 of 6024 bytes failed: Only part of a ReadProcessMemory or WriteProcessMemory request was completed. (0x12B)
[0102/204433.016:ERROR:process_memory_win.cc(73)] ReadMemory at 0x7b24ab4000 of 6024 bytes failed: Only part of a ReadProcessMemory or WriteProcessMemory request was completed. (0x12B)
[0102/204433.017:ERROR:process_memory_win.cc(73)] ReadMemory at 0x7b24ab6000 of 6024 bytes failed: Only part of a ReadProcessMemory or WriteProcessMemory request was completed. (0x12B)
[0102/204433.017:ERROR:process_memory_win.cc(73)] ReadMemory at 0x7b24ab8000 of 6024 bytes failed: Only part of a ReadProcessMemory or WriteProcessMemory request was completed. (0x12B)
[0102/204433.017:ERROR:process_memory_win.cc(73)] ReadMemory at 0x7b24aba000 of 6024 bytes failed: Only part of a ReadProcessMemory or WriteProcessMemory request was completed. (0x12B)
[0102/204433.017:ERROR:process_memory_win.cc(73)] ReadMemory at 0x7b24abc000 of 6024 bytes failed: Only part of a ReadProcessMemory or WriteProcessMemory request was completed. (0x12B)
[0102/204433.017:ERROR:process_memory_win.cc(73)] ReadMemory at 0x7b24abe000 of 6024 bytes failed: Only part of a ReadProcessMemory or WriteProcessMemory request was completed. (0x12B)
[0102/204433.017:ERROR:process_memory_win.cc(73)] ReadMemory at 0x7b24ac0000 of 6024 bytes failed: Only part of a ReadProcessMemory or WriteProcessMemory request was completed. (0x12B)
[0102/204433.017:ERROR:process_memory_win.cc(73)] ReadMemory at 0x20d90b910c0 of 512 bytes failed: Only part of a ReadProcessMemory or WriteProcessMemory request was completed. (0x12B)
[0102/204433.017:ERROR:process_memory_win.cc(73)] ReadMemory at 0x20d90b931c0 of 512 bytes failed: Only part of a ReadProcessMemory or WriteProcessMemory request was completed. (0x12B)
[0102/204433.018:ERROR:process_memory_win.cc(73)] ReadMemory at 0x20d90c00fe0 of 23654 bytes failed: Only part of a ReadProcessMemory or WriteProcessMemory request was completed. (0x12B)
[0102/204433.018:ERROR:process_memory_win.cc(73)] ReadMemory at 0x20d90c06c50 of 1012 bytes failed: Only part of a ReadProcessMemory or WriteProcessMemory request was completed. (0x12B)
[0102/204433.018:ERROR:process_memory_win.cc(73)] ReadMemory at 0x20d90c07298 of 118 bytes failed: Only part of a ReadProcessMemory or WriteProcessMemory request was completed. (0x12B)
[0102/204433.018:ERROR:process_memory_win.cc(73)] ReadMemory at 0x20d90c07310 of 722 bytes failed: Only part of a ReadProcessMemory or WriteProcessMemory request was completed. (0x12B)
[0102/204433.018:ERROR:process_memory_win.cc(73)] ReadMemory at 0x20d90c075e4 of 118 bytes failed: Only part of a ReadProcessMemory or WriteProcessMemory request was completed. (0x12B)
[0102/204433.018:ERROR:process_memory_win.cc(73)] ReadMemory at 0x20d90c0765c of 102 bytes failed: Only part of a ReadProcessMemory or WriteProcessMemory request was completed. (0x12B)
[0102/204433.018:ERROR:process_memory_win.cc(73)] ReadMemory at 0x20d90c076d0 of 58 bytes failed: Only part of a ReadProcessMemory or WriteProcessMemory request was completed. (0x12B)
[0102/204433.018:ERROR:process_memory_win.cc(73)] ReadMemory at 0x20d90c077d0 of 132 bytes failed: Only part of a ReadProcessMemory or WriteProcessMemory request was completed. (0x12B)
[0102/204433.019:ERROR:process_memory_win.cc(73)] ReadMemory at 0x20d90c07960 of 132 bytes failed: Only part of a ReadProcessMemory or WriteProcessMemory request was completed. (0x12B)
[0102/204433.019:ERROR:process_memory_win.cc(73)] ReadMemory at 0x20d90c07b20 of 124 bytes failed: Only part of a ReadProcessMemory or WriteProcessMemory request was completed. (0x12B)
[0102/204433.019:ERROR:process_memory_win.cc(73)] ReadMemory at 0x20d90c07f30 of 132 bytes failed: Only part of a ReadProcessMemory or WriteProcessMemory request was completed. (0x12B)
[0102/204433.019:ERROR:process_memory_win.cc(73)] ReadMemory at 0x20d90c084b0 of 132 bytes failed: Only part of a ReadProcessMemory or WriteProcessMemory request was completed. (0x12B)
[0102/204433.019:ERROR:process_memory_win.cc(73)] ReadMemory at 0x20d90c08640 of 64 bytes failed: Only part of a ReadProcessMemory or WriteProcessMemory request was completed. (0x12B)
[0102/204433.019:ERROR:process_memory_win.cc(73)] ReadMemory at 0x20d90c08aa0 of 132 bytes failed: Only part of a ReadProcessMemory or WriteProcessMemory request was completed. (0x12B)
[0102/204433.019:ERROR:process_memory_win.cc(73)] ReadMemory at 0x20d90c08c30 of 68 bytes failed: Only part of a ReadProcessMemory or WriteProcessMemory request was completed. (0x12B)
[0102/204433.019:ERROR:process_memory_win.cc(73)] ReadMemory at 0x20d90c11230 of 60 bytes failed: Only part of a ReadProcessMemory or WriteProcessMemory request was completed. (0x12B)
[0102/204433.019:ERROR:process_memory_win.cc(73)] ReadMemory at 0x20d90c116e0 of 62 bytes failed: Only part of a ReadProcessMemory or WriteProcessMemory request was completed. (0x12B)
[0102/204433.019:ERROR:process_memory_win.cc(73)] ReadMemory at 0x20d90c181d0 of 132 bytes failed: Only part of a ReadProcessMemory or WriteProcessMemory request was completed. (0x12B)
[0102/204433.019:ERROR:process_memory_win.cc(73)] ReadMemory at 0x20d90c18300 of 152 bytes failed: Only part of a ReadProcessMemory or WriteProcessMemory request was completed. (0x12B)
[0102/204433.019:ERROR:process_memory_win.cc(73)] ReadMemory at 0x20d90c18f40 of 132 bytes failed: Only part of a ReadProcessMemory or WriteProcessMemory request was completed. (0x12B)
[0102/204433.019:ERROR:process_memory_win.cc(73)] ReadMemory at 0x20d90c1def0 of 62 bytes failed: Only part of a ReadProcessMemory or WriteProcessMemory request was completed. (0x12B)
[0102/204433.020:ERROR:process_memory_win.cc(73)] ReadMemory at 0x20d90c1df90 of 60 bytes failed: Only part of a ReadProcessMemory or WriteProcessMemory request was completed. (0x12B)
[0102/204433.020:ERROR:process_memory_win.cc(73)] ReadMemory at 0x20d90c24ae0 of 80 bytes failed: Only part of a ReadProcessMemory or WriteProcessMemory request was completed. (0x12B)
[0102/204433.020:ERROR:process_memory_win.cc(73)] ReadMemory at 0x20d90c29890 of 132 bytes failed: Only part of a ReadProcessMemory or WriteProcessMemory request was completed. (0x12B)
[0102/204433.020:ERROR:process_memory_win.cc(73)] ReadMemory at 0x20d90c29b30 of 132 bytes failed: Only part of a ReadProcessMemory or WriteProcessMemory request was completed. (0x12B)
[0102/204433.020:ERROR:process_memory_win.cc(73)] ReadMemory at 0x20d90c29e50 of 132 bytes failed: Only part of a ReadProcessMemory or WriteProcessMemory request was completed. (0x12B)
[0102/204433.020:ERROR:process_memory_win.cc(73)] ReadMemory at 0x20d90c2a340 of 132 bytes failed: Only part of a ReadProcessMemory or WriteProcessMemory request was completed. (0x12B)
[0102/204433.020:ERROR:process_memory_win.cc(73)] ReadMemory at 0x20d90c2aee0 of 80 bytes failed: Only part of a ReadProcessMemory or WriteProcessMemory request was completed. (0x12B)
[0102/204433.020:ERROR:process_memory_win.cc(73)] ReadMemory at 0x20d90c2b000 of 76 bytes failed: Only part of a ReadProcessMemory or WriteProcessMemory request was completed. (0x12B)
[0102/204433.020:ERROR:process_memory_win.cc(73)] ReadMemory at 0x20d90c2b600 of 132 bytes failed: Only part of a ReadProcessMemory or WriteProcessMemory request was completed. (0x12B)
[0102/204433.020:ERROR:process_memory_win.cc(73)] ReadMemory at 0x20d90c2b730 of 132 bytes failed: Only part of a ReadProcessMemory or WriteProcessMemory request was completed. (0x12B)
[0102/204433.020:ERROR:process_memory_win.cc(73)] ReadMemory at 0x20d90c2b860 of 132 bytes failed: Only part of a ReadProcessMemory or WriteProcessMemory request was completed. (0x12B)
[0102/204433.021:ERROR:process_memory_win.cc(73)] ReadMemory at 0x20d90c2b990 of 132 bytes failed: Only part of a ReadProcessMemory or WriteProcessMemory request was completed. (0x12B)
[0102/204433.021:ERROR:process_memory_win.cc(73)] ReadMemory at 0x20d90c2bac0 of 132 bytes failed: Only part of a ReadProcessMemory or WriteProcessMemory request was completed. (0x12B)
[0102/204433.021:ERROR:process_memory_win.cc(73)] ReadMemory at 0x20d90c2bbf0 of 132 bytes failed: Only part of a ReadProcessMemory or WriteProcessMemory request was completed. (0x12B)
[0102/204433.021:ERROR:process_memory_win.cc(73)] ReadMemory at 0x20d90c2bd20 of 132 bytes failed: Only part of a ReadProcessMemory or WriteProcessMemory request was completed. (0x12B)
[0102/204433.021:ERROR:process_memory_win.cc(73)] ReadMemory at 0x20d90c2be50 of 132 bytes failed: Only part of a ReadProcessMemory or WriteProcessMemory request was completed. (0x12B)
[0102/204433.021:ERROR:process_memory_win.cc(73)] ReadMemory at 0x20d90c2bf80 of 132 bytes failed: Only part of a ReadProcessMemory or WriteProcessMemory request was completed. (0x12B)
[0102/204433.021:ERROR:process_memory_win.cc(73)] ReadMemory at 0x20d90c2c0b0 of 132 bytes failed: Only part of a ReadProcessMemory or WriteProcessMemory request was completed. (0x12B)
[0102/204433.021:ERROR:process_memory_win.cc(73)] ReadMemory at 0x20d90c2c1e0 of 132 bytes failed: Only part of a ReadProcessMemory or WriteProcessMemory request was completed. (0x12B)
[0102/204433.022:ERROR:process_memory_win.cc(73)] ReadMemory at 0x20d90c2c310 of 132 bytes failed: Only part of a ReadProcessMemory or WriteProcessMemory request was completed. (0x12B)
[0102/204433.022:ERROR:process_memory_win.cc(73)] ReadMemory at 0x20d90c2e250 of 132 bytes failed: Only part of a ReadProcessMemory or WriteProcessMemory request was completed. (0x12B)
[0102/204433.022:ERROR:process_memory_win.cc(73)] ReadMemory at 0x20d90c2fb50 of 132 bytes failed: Only part of a ReadProcessMemory or WriteProcessMemory request was completed. (0x12B)
[0102/204433.022:ERROR:process_memory_win.cc(73)] ReadMemory at 0x20d90c2fc80 of 144 bytes failed: Only part of a ReadProcessMemory or WriteProcessMemory request was completed. (0x12B)
[0102/204433.022:ERROR:process_memory_win.cc(73)] ReadMemory at 0x20d90c30080 of 58 bytes failed: Only part of a ReadProcessMemory or WriteProcessMemory request was completed. (0x12B)
[0102/204433.022:ERROR:process_memory_win.cc(73)] ReadMemory at 0x20d90c30120 of 64 bytes failed: Only part of a ReadProcessMemory or WriteProcessMemory request was completed. (0x12B)
[0102/204433.022:ERROR:process_memory_win.cc(73)] ReadMemory at 0x20d90c30170 of 62 bytes failed: Only part of a ReadProcessMemory or WriteProcessMemory request was completed. (0x12B)
[0102/204433.022:ERROR:process_memory_win.cc(73)] ReadMemory at 0x20d90c30210 of 64 bytes failed: Only part of a ReadProcessMemory or WriteProcessMemory request was completed. (0x12B)
[0102/204433.022:ERROR:process_memory_win.cc(73)] ReadMemory at 0x20d90c30260 of 62 bytes failed: Only part of a ReadProcessMemory or WriteProcessMemory request was completed. (0x12B)
[0102/204433.022:ERROR:process_memory_win.cc(73)] ReadMemory at 0x20d90c302b0 of 64 bytes failed: Only part of a ReadProcessMemory or WriteProcessMemory request was completed. (0x12B)
[0102/204433.022:ERROR:process_memory_win.cc(73)] ReadMemory at 0x20d90c30300 of 62 bytes failed: Only part of a ReadProcessMemory or WriteProcessMemory request was completed. (0x12B)
[0102/204433.022:ERROR:process_memory_win.cc(73)] ReadMemory at 0x20d90c30440 of 60 bytes failed: Only part of a ReadProcessMemory or WriteProcessMemory request was completed. (0x12B)
[0102/204433.023:ERROR:process_memory_win.cc(73)] ReadMemory at 0x20d90c30490 of 66 bytes failed: Only part of a ReadProcessMemory or WriteProcessMemory request was completed. (0x12B)
[0102/204433.023:ERROR:process_memory_win.cc(73)] ReadMemory at 0x20d90c304e0 of 58 bytes failed: Only part of a ReadProcessMemory or WriteProcessMemory request was completed. (0x12B)
[0102/204433.023:ERROR:process_memory_win.cc(73)] ReadMemory at 0x20d90c30530 of 60 bytes failed: Only part of a ReadProcessMemory or WriteProcessMemory request was completed. (0x12B)
[0102/204433.023:ERROR:process_memory_win.cc(73)] ReadMemory at 0x20d90c30580 of 62 bytes failed: Only part of a ReadProcessMemory or WriteProcessMemory request was completed. (0x12B)
[0102/204433.023:ERROR:process_memory_win.cc(73)] ReadMemory at 0x20d90c305d0 of 64 bytes failed: Only part of a ReadProcessMemory or WriteProcessMemory request was completed. (0x12B)
[0102/204433.023:ERROR:process_memory_win.cc(73)] ReadMemory at 0x20d90c30620 of 64 bytes failed: Only part of a ReadProcessMemory or WriteProcessMemory request was completed. (0x12B)
[0102/204433.023:ERROR:process_memory_win.cc(73)] ReadMemory at 0x20d90c306c0 of 60 bytes failed: Only part of a ReadProcessMemory or WriteProcessMemory request was completed. (0x12B)
[0102/204433.023:ERROR:process_memory_win.cc(73)] ReadMemory at 0x20d90c30800 of 64 bytes failed: Only part of a ReadProcessMemory or WriteProcessMemory request was completed. (0x12B)
[0102/204433.023:ERROR:process_memory_win.cc(73)] ReadMemory at 0x20d90c30850 of 62 bytes failed: Only part of a ReadProcessMemory or WriteProcessMemory request was completed. (0x12B)
[0102/204433.024:ERROR:process_memory_win.cc(73)] ReadMemory at 0x20d90c30990 of 64 bytes failed: Only part of a ReadProcessMemory or WriteProcessMemory request was completed. (0x12B)
[0102/204433.024:ERROR:process_memory_win.cc(73)] ReadMemory at 0x20d90c30a80 of 62 bytes failed: Only part of a ReadProcessMemory or WriteProcessMemory request was completed. (0x12B)
[0102/204433.024:ERROR:process_memory_win.cc(73)] ReadMemory at 0x20d90c30b20 of 62 bytes failed: Only part of a ReadProcessMemory or WriteProcessMemory request was completed. (0x12B)
[0102/204433.024:ERROR:process_memory_win.cc(73)] ReadMemory at 0x20d90c30b70 of 62 bytes failed: Only part of a ReadProcessMemory or WriteProcessMemory request was completed. (0x12B)
[0102/204433.024:ERROR:process_memory_win.cc(73)] ReadMemory at 0x20d90c30bc0 of 66 bytes failed: Only part of a ReadProcessMemory or WriteProcessMemory request was completed. (0x12B)
[0102/204433.024:ERROR:process_memory_win.cc(73)] ReadMemory at 0x20d90c30c10 of 64 bytes failed: Only part of a ReadProcessMemory or WriteProcessMemory request was completed. (0x12B)
[0102/204433.024:ERROR:process_memory_win.cc(73)] ReadMemory at 0x20d90c30cb0 of 62 bytes failed: Only part of a ReadProcessMemory or WriteProcessMemory request was completed. (0x12B)
[0102/204433.024:ERROR:process_memory_win.cc(73)] ReadMemory at 0x20d90c30df0 of 60 bytes failed: Only part of a ReadProcessMemory or WriteProcessMemory request was completed. (0x12B)
[0102/204433.024:ERROR:process_memory_win.cc(73)] ReadMemory at 0x20d90c30f30 of 60 bytes failed: Only part of a ReadProcessMemory or WriteProcessMemory request was completed. (0x12B)
[0102/204433.024:ERROR:process_memory_win.cc(73)] ReadMemory at 0x20d90c31a00 of 54 bytes failed: Only part of a ReadProcessMemory or WriteProcessMemory request was completed. (0x12B)
[0102/204433.024:ERROR:process_memory_win.cc(73)] ReadMemory at 0x20d90c32af0 of 132 bytes failed: Only part of a ReadProcessMemory or WriteProcessMemory request was completed. (0x12B)
[0102/204433.024:ERROR:process_memory_win.cc(73)] ReadMemory at 0x20d90c38590 of 132 bytes failed: Only part of a ReadProcessMemory or WriteProcessMemory request was completed. (0x12B)
[0102/204433.024:ERROR:process_memory_win.cc(73)] ReadMemory at 0x20d90c38ea0 of 132 bytes failed: Only part of a ReadProcessMemory or WriteProcessMemory request was completed. (0x12B)
[0102/204433.024:ERROR:process_memory_win.cc(73)] ReadMemory at 0x20d90c39280 of 132 bytes failed: Only part of a ReadProcessMemory or WriteProcessMemory request was completed. (0x12B)
[0102/204433.025:ERROR:process_memory_win.cc(73)] ReadMemory at 0x20d90c393b0 of 132 bytes failed: Only part of a ReadProcessMemory or WriteProcessMemory request was completed. (0x12B)
[0102/204433.025:ERROR:process_memory_win.cc(73)] ReadMemory at 0x20d90c394e0 of 132 bytes failed: Only part of a ReadProcessMemory or WriteProcessMemory request was completed. (0x12B)
[0102/204433.025:ERROR:process_memory_win.cc(73)] ReadMemory at 0x20d90c39610 of 132 bytes failed: Only part of a ReadProcessMemory or WriteProcessMemory request was completed. (0x12B)
[0102/204433.025:ERROR:process_memory_win.cc(73)] ReadMemory at 0x20d90c39740 of 132 bytes failed: Only part of a ReadProcessMemory or WriteProcessMemory request was completed. (0x12B)
[0102/204433.025:ERROR:process_memory_win.cc(73)] ReadMemory at 0x20d90c39ad0 of 132 bytes failed: Only part of a ReadProcessMemory or WriteProcessMemory request was completed. (0x12B)
[0102/204433.025:ERROR:process_memory_win.cc(73)] ReadMemory at 0x20d90c39c00 of 132 bytes failed: Only part of a ReadProcessMemory or WriteProcessMemory request was completed. (0x12B)
[0102/204433.025:ERROR:process_memory_win.cc(73)] ReadMemory at 0x20d90c39e60 of 132 bytes failed: Only part of a ReadProcessMemory or WriteProcessMemory request was completed. (0x12B)
[0102/204433.025:ERROR:process_memory_win.cc(73)] ReadMemory at 0x20d90c3a320 of 132 bytes failed: Only part of a ReadProcessMemory or WriteProcessMemory request was completed. (0x12B)
[0102/204433.025:ERROR:process_memory_win.cc(73)] ReadMemory at 0x20d90c3a580 of 132 bytes failed: Only part of a ReadProcessMemory or WriteProcessMemory request was completed. (0x12B)
[0102/204433.025:ERROR:process_memory_win.cc(73)] ReadMemory at 0x20d90c3a6b0 of 132 bytes failed: Only part of a ReadProcessMemory or WriteProcessMemory request was completed. (0x12B)
[0102/204433.025:ERROR:process_memory_win.cc(73)] ReadMemory at 0x20d90c3a7e0 of 132 bytes failed: Only part of a ReadProcessMemory or WriteProcessMemory request was completed. (0x12B)
[0102/204433.025:ERROR:process_memory_win.cc(73)] ReadMemory at 0x20d90c3a910 of 132 bytes failed: Only part of a ReadProcessMemory or WriteProcessMemory request was completed. (0x12B)
[0102/204433.025:ERROR:process_memory_win.cc(73)] ReadMemory at 0x20d90c3aa40 of 132 bytes failed: Only part of a ReadProcessMemory or WriteProcessMemory request was completed. (0x12B)
[0102/204433.026:ERROR:process_memory_win.cc(73)] ReadMemory at 0x20d90c3ab70 of 132 bytes failed: Only part of a ReadProcessMemory or WriteProcessMemory request was completed. (0x12B)
[0102/204433.026:ERROR:process_memory_win.cc(73)] ReadMemory at 0x20d90c3aca0 of 132 bytes failed: Only part of a ReadProcessMemory or WriteProcessMemory request was completed. (0x12B)
[0102/204433.026:ERROR:process_memory_win.cc(73)] ReadMemory at 0x20d90c3add0 of 132 bytes failed: Only part of a ReadProcessMemory or WriteProcessMemory request was completed. (0x12B)
[0102/204433.026:ERROR:process_memory_win.cc(73)] ReadMemory at 0x20d90c43920 of 58 bytes failed: Only part of a ReadProcessMemory or WriteProcessMemory request was completed. (0x12B)
[0102/204433.026:ERROR:process_memory_win.cc(73)] ReadMemory at 0x20d90c43a60 of 66 bytes failed: Only part of a ReadProcessMemory or WriteProcessMemory request was completed. (0x12B)
[0102/204433.026:ERROR:process_memory_win.cc(73)] ReadMemory at 0x20d90c43ba0 of 58 bytes failed: Only part of a ReadProcessMemory or WriteProcessMemory request was completed. (0x12B)
[0102/204433.026:ERROR:process_memory_win.cc(73)] ReadMemory at 0x20d90c43bf0 of 60 bytes failed: Only part of a ReadProcessMemory or WriteProcessMemory request was completed. (0x12B)
[0102/204433.026:ERROR:process_memory_win.cc(73)] ReadMemory at 0x20d90c44690 of 60 bytes failed: Only part of a ReadProcessMemory or WriteProcessMemory request was completed. (0x12B)
[0102/204433.027:ERROR:process_memory_win.cc(73)] ReadMemory at 0x20d90c90b80 of 816 bytes failed: Only part of a ReadProcessMemory or WriteProcessMemory request was completed. (0x12B)
[0102/204433.027:ERROR:process_memory_win.cc(73)] ReadMemory at 0x20d90c910b0 of 512 bytes failed: Only part of a ReadProcessMemory or WriteProcessMemory request was completed. (0x12B)
[0102/204433.027:ERROR:process_memory_win.cc(73)] ReadMemory at 0x20d90c91a30 of 512 bytes failed: Only part of a ReadProcessMemory or WriteProcessMemory request was completed. (0x12B)
[0102/204433.027:ERROR:process_memory_win.cc(73)] ReadMemory at 0x20d90cad2e0 of 512 bytes failed: Only part of a ReadProcessMemory or WriteProcessMemory request was completed. (0x12B)
[0102/204433.027:ERROR:process_memory_win.cc(73)] ReadMemory at 0x20d90cb3cc8 of 512 bytes failed: Only part of a ReadProcessMemory or WriteProcessMemory request was completed. (0x12B)
[0102/204433.027:ERROR:process_memory_win.cc(73)] ReadMemory at 0x20d90cb42f8 of 512 bytes failed: Only part of a ReadProcessMemory or WriteProcessMemory request was completed. (0x12B)
[0102/204433.027:ERROR:process_memory_win.cc(73)] ReadMemory at 0x20d90cb4fe8 of 512 bytes failed: Only part of a ReadProcessMemory or WriteProcessMemory request was completed. (0x12B)
[0102/204433.027:ERROR:process_memory_win.cc(73)] ReadMemory at 0x20d90cbaf70 of 512 bytes failed: Only part of a ReadProcessMemory or WriteProcessMemory request was completed. (0x12B)
[0102/204433.027:ERROR:process_memory_win.cc(73)] ReadMemory at 0x20d90cd6d80 of 512 bytes failed: Only part of a ReadProcessMemory or WriteProcessMemory request was completed. (0x12B)
[0102/204433.027:ERROR:process_memory_win.cc(73)] ReadMemory at 0x20d90cdc8c0 of 512 bytes failed: Only part of a ReadProcessMemory or WriteProcessMemory request was completed. (0x12B)
[0102/204433.027:ERROR:process_memory_win.cc(73)] ReadMemory at 0x20d90ce8680 of 712 bytes failed: Only part of a ReadProcessMemory or WriteProcessMemory request was completed. (0x12B)
[0102/204433.028:ERROR:process_memory_win.cc(73)] ReadMemory at 0x20d92940000 of 384 bytes failed: Only part of a ReadProcessMemory or WriteProcessMemory request was completed. (0x12B)
[0102/204433.028:ERROR:process_memory_win.cc(73)] ReadMemory at 0x20d92967b50 of 512 bytes failed: Only part of a ReadProcessMemory or WriteProcessMemory request was completed. (0x12B)
[0102/204433.028:ERROR:process_memory_win.cc(73)] ReadMemory at 0x20d9297a518 of 512 bytes failed: Only part of a ReadProcessMemory or WriteProcessMemory request was completed. (0x12B)
[0102/204433.028:ERROR:process_memory_win.cc(73)] ReadMemory at 0x20d9297aee0 of 512 bytes failed: Only part of a ReadProcessMemory or WriteProcessMemory request was completed. (0x12B)
[0102/204433.028:ERROR:process_memory_win.cc(73)] ReadMemory at 0x20d9297c2e8 of 512 bytes failed: Only part of a ReadProcessMemory or WriteProcessMemory request was completed. (0x12B)
[0102/204433.028:ERROR:process_memory_win.cc(73)] ReadMemory at 0x20d92992080 of 512 bytes failed: Only part of a ReadProcessMemory or WriteProcessMemory request was completed. (0x12B)
[0102/204433.028:ERROR:process_memory_win.cc(73)] ReadMemory at 0x20d929b8280 of 520 bytes failed: Only part of a ReadProcessMemory or WriteProcessMemory request was completed. (0x12B)
[0102/204433.028:ERROR:process_memory_win.cc(73)] ReadMemory at 0x20d929c4292 of 580 bytes failed: Only part of a ReadProcessMemory or WriteProcessMemory request was completed. (0x12B)
[0102/204433.028:ERROR:process_memory_win.cc(73)] ReadMemory at 0x20d92a3e790 of 512 bytes failed: Only part of a ReadProcessMemory or WriteProcessMemory request was completed. (0x12B)
[0102/204433.028:ERROR:process_memory_win.cc(73)] ReadMemory at 0x20d92a50680 of 512 bytes failed: Only part of a ReadProcessMemory or WriteProcessMemory request was completed. (0x12B)
[0102/204433.028:ERROR:process_memory_win.cc(73)] ReadMemory at 0x20d92a724d6 of 864 bytes failed: Only part of a ReadProcessMemory or WriteProcessMemory request was completed. (0x12B)
[0102/204433.034:ERROR:process_memory_win.cc(73)] ReadMemory at 0x20d92aad020 of 512 bytes failed: Only part of a ReadProcessMemory or WriteProcessMemory request was completed. (0x12B)
[0102/204433.035:ERROR:process_memory_win.cc(73)] ReadMemory at 0x20d92b989c8 of 512 bytes failed: Only part of a ReadProcessMemory or WriteProcessMemory request was completed. (0x12B)
[0102/204433.035:ERROR:process_memory_win.cc(73)] ReadMemory at 0x20d93639df0 of 512 bytes failed: Only part of a ReadProcessMemory or WriteProcessMemory request was completed. (0x12B)
[0102/204433.035:ERROR:process_memory_win.cc(73)] ReadMemory at 0x7ff9fb78c460 of 512 bytes failed: Only part of a ReadProcessMemory or WriteProcessMemory request was completed. (0x12B)
[0102/204433.035:ERROR:process_memory_win.cc(73)] ReadMemory at 0x7ff9fbfc214f of 512 bytes failed: Only part of a ReadProcessMemory or WriteProcessMemory request was completed. (0x12B)
[0102/204433.035:ERROR:process_memory_win.cc(73)] ReadMemory at 0x7ffa8668d6e0 of 512 bytes failed: Only part of a ReadProcessMemory or WriteProcessMemory request was completed. (0x12B)
[0102/204433.036:ERROR:process_memory_win.cc(73)] ReadMemory at 0x7ffa88121fd0 of 512 bytes failed: Only part of a ReadProcessMemory or WriteProcessMemory request was completed. (0x12B)
[0102/204433.036:ERROR:process_memory_win.cc(73)] ReadMemory at 0x7ffa8941c6f4 of 672 bytes failed: Only part of a ReadProcessMemory or WriteProcessMemory request was completed. (0x12B)
[0102/204433.036:ERROR:process_memory_win.cc(73)] ReadMemory at 0x7ffa8941ccf4 of 512 bytes failed: Only part of a ReadProcessMemory or WriteProcessMemory request was completed. (0x12B)
[0102/204433.036:ERROR:process_memory_win.cc(73)] ReadMemory at 0x7ffa8941ffa4 of 608 bytes failed: Only part of a ReadProcessMemory or WriteProcessMemory request was completed. (0x12B)
[0102/204433.036:ERROR:process_memory_win.cc(73)] ReadMemory at 0x7ffa894ac428 of 18 bytes failed: Only part of a ReadProcessMemory or WriteProcessMemory request was completed. (0x12B)
[0102/204433.036:ERROR:process_memory_win.cc(73)] ReadMemory at 0x7ffa894df4f8 of 40 bytes failed: Only part of a ReadProcessMemory or WriteProcessMemory request was completed. (0x12B)
[0102/204433.036:ERROR:process_memory_win.cc(73)] ReadMemory at 0x7ffa894df978 of 48 bytes failed: Only part of a ReadProcessMemory or WriteProcessMemory request was completed. (0x12B)
[0102/204433.036:ERROR:process_memory_win.cc(73)] ReadMemory at 0x7ffa894e53c0 of 64 bytes failed: Only part of a ReadProcessMemory or WriteProcessMemory request was completed. (0x12B)
[0102/204433.038:ERROR:scoped_process_suspend.cc(40)] NtResumeProcess: An attempt was made to access an exiting process. (0xc000010a)
[0107/015215.646:ERROR:directory_reader_win.cc(43)] FindFirstFile: The system cannot find the path specified. (0x3)
